{
  "stats": {
    "suites": 1,
    "tests": 4,
    "passes": 4,
    "pending": 0,
    "failures": 0,
    "start": "2025-06-10T16:43:49.584Z",
    "end": "2025-06-10T16:43:50.433Z",
    "duration": 849,
    "testsRegistered": 4,
    "passPercent": 100,
    "pendingPercent": 0,
    "other": 0,
    "hasOther": false,
    "skipped": 0,
    "hasSkipped": false
  },
  "results": [
    {
      "uuid": "b6bdd029-9d38-4fc3-933e-d4f3bc7036df",
      "title": "",
      "fullFile": "cypress\\e2e\\api_test\\api_test_alia.cy.js",
      "file": "cypress\\e2e\\api_test\\api_test_alia.cy.js",
      "beforeHooks": [],
      "afterHooks": [],
      "tests": [],
      "suites": [
        {
          "uuid": "8cc297e0-f03b-46ea-910b-878d1e0662b1",
          "title": "api testing with alias",
          "fullFile": "",
          "file": "",
          "beforeHooks": [],
          "afterHooks": [],
          "tests": [
            {
              "title": "velidate header info ",
              "fullTitle": "api testing with alias velidate header info ",
              "timedOut": null,
              "duration": 407,
              "state": "passed",
              "speed": "fast",
              "pass": true,
              "fail": false,
              "pending": false,
              "context": null,
              "code": "cy.get('@users').should(res => {\n  expect(res.status).equal(200);\n});",
              "err": {},
              "uuid": "840fd722-d03f-4001-8847-d1c568a46e75",
              "parentUUID": "8cc297e0-f03b-46ea-910b-878d1e0662b1",
              "isHook": false,
              "skipped": false
            },
            {
              "title": "velidate header info ",
              "fullTitle": "api testing with alias velidate header info ",
              "timedOut": null,
              "duration": 112,
              "state": "passed",
              "speed": "fast",
              "pass": true,
              "fail": false,
              "pending": false,
              "context": null,
              "code": "cy.get('@users').its('headers').its('connection').should('include', 'keep-alive');",
              "err": {},
              "uuid": "a5d0f0e5-f1a5-43dc-9e30-ffccbabbf66e",
              "parentUUID": "8cc297e0-f03b-46ea-910b-878d1e0662b1",
              "isHook": false,
              "skipped": false
            },
            {
              "title": "velidate body info ",
              "fullTitle": "api testing with alias velidate body info ",
              "timedOut": null,
              "duration": 134,
              "state": "passed",
              "speed": "fast",
              "pass": true,
              "fail": false,
              "pending": false,
              "context": null,
              "code": "cy.get('@users').its('body').should('contain', {\n  'total_pages': 2\n});",
              "err": {},
              "uuid": "33203d14-98bd-4f70-bcc2-5ab4c2065193",
              "parentUUID": "8cc297e0-f03b-46ea-910b-878d1e0662b1",
              "isHook": false,
              "skipped": false
            },
            {
              "title": "velidate body info array ",
              "fullTitle": "api testing with alias velidate body info array ",
              "timedOut": null,
              "duration": 110,
              "state": "passed",
              "speed": "fast",
              "pass": true,
              "fail": false,
              "pending": false,
              "context": null,
              "code": "cy.get('@users').its('body').then(res => {\n  expect(res.data[0]).has.property('id', 7);\n});",
              "err": {},
              "uuid": "60d36e77-d39b-4614-9621-2ee4f32d5367",
              "parentUUID": "8cc297e0-f03b-46ea-910b-878d1e0662b1",
              "isHook": false,
              "skipped": false
            }
          ],
          "suites": [],
          "passes": [
            "840fd722-d03f-4001-8847-d1c568a46e75",
            "a5d0f0e5-f1a5-43dc-9e30-ffccbabbf66e",
            "33203d14-98bd-4f70-bcc2-5ab4c2065193",
            "60d36e77-d39b-4614-9621-2ee4f32d5367"
          ],
          "failures": [],
          "pending": [],
          "skipped": [],
          "duration": 763,
          "root": false,
          "rootEmpty": false,
          "_timeout": 2000
        }
      ],
      "passes": [],
      "failures": [],
      "pending": [],
      "skipped": [],
      "duration": 0,
      "root": true,
      "rootEmpty": true,
      "_timeout": 2000
    }
  ],
  "meta": {
    "mocha": {
      "version": "7.2.0"
    },
    "mochawesome": {
      "options": {
        "quiet": false,
        "reportFilename": "report",
        "saveHtml": true,
        "saveJson": true,
        "consoleReporter": "spec",
        "useInlineDiffs": false,
        "code": true
      },
      "version": "7.1.3"
    },
    "marge": {
      "options": {
        "reportDir": "cypress/reports/api",
        "reportFilename": "report",
        "overwrite": false,
        "html": true,
        "json": true,
        "charts": true
      },
      "version": "6.2.0"
    }
  }
}