{
  "stats": {
    "suites": 1,
    "tests": 2,
    "passes": 2,
    "pending": 0,
    "failures": 0,
    "start": "2025-06-10T16:43:52.241Z",
    "end": "2025-06-10T16:43:52.604Z",
    "duration": 363,
    "testsRegistered": 2,
    "passPercent": 100,
    "pendingPercent": 0,
    "other": 0,
    "hasOther": false,
    "skipped": 0,
    "hasSkipped": false
  },
  "results": [
    {
      "uuid": "7f409cd8-2cf4-49cf-a891-8d62ec9cf477",
      "title": "",
      "fullFile": "cypress\\e2e\\api_test\\get.cy.js",
      "file": "cypress\\e2e\\api_test\\get.cy.js",
      "beforeHooks": [],
      "afterHooks": [],
      "tests": [],
      "suites": [
        {
          "uuid": "2718051c-337b-4955-8e32-ad62f729211e",
          "title": "Beckett bca order  Test",
          "fullFile": "",
          "file": "",
          "beforeHooks": [],
          "afterHooks": [],
          "tests": [
            {
              "title": "GET API",
              "fullTitle": "Beckett bca order  Test GET API",
              "timedOut": null,
              "duration": 170,
              "state": "passed",
              "speed": "fast",
              "pass": true,
              "fail": false,
              "pending": false,
              "context": null,
              "code": "cy.request('https://reqres.in/api/users?page=2').then(res => {\n  expect(res.status).equal(200);\n  expect(res.body.data[0]).has.property('id', 7);\n  expect(res.body.data[1]).has.property('id', 8);\n  expect(res.body.data[2]).has.property('id', 9);\n  expect(res.body.data[3]).has.property('id', 10);\n  expect(res.body.data[4]).has.property('id', 11);\n  expect(res.body.data[5]).has.property('id', 12);\n  expect(res.body.data).has.length(6);\n  expect(res.body.data).not.have.property('price');\n});",
              "err": {},
              "uuid": "7dacab78-6b92-4f6e-b9fc-a0e730594ecc",
              "parentUUID": "2718051c-337b-4955-8e32-ad62f729211e",
              "isHook": false,
              "skipped": false
            },
            {
              "title": "GET API1 ",
              "fullTitle": "Beckett bca order  Test GET API1 ",
              "timedOut": null,
              "duration": 129,
              "state": "passed",
              "speed": "fast",
              "pass": true,
              "fail": false,
              "pending": false,
              "context": null,
              "code": "cy.request('https://reqres.in/api/users/2').then(res => {\n  expect(res.status).equal(200);\n  expect(res.body.data).has.property('id', 2);\n  expect(res.body.support).has.property('text', 'Tired of writing endless social media content? Let Content Caddy generate it for you.');\n});",
              "err": {},
              "uuid": "c74ff698-d5b6-410d-b221-b79445f24279",
              "parentUUID": "2718051c-337b-4955-8e32-ad62f729211e",
              "isHook": false,
              "skipped": false
            }
          ],
          "suites": [],
          "passes": [
            "7dacab78-6b92-4f6e-b9fc-a0e730594ecc",
            "c74ff698-d5b6-410d-b221-b79445f24279"
          ],
          "failures": [],
          "pending": [],
          "skipped": [],
          "duration": 299,
          "root": false,
          "rootEmpty": false,
          "_timeout": 2000
        }
      ],
      "passes": [],
      "failures": [],
      "pending": [],
      "skipped": [],
      "duration": 0,
      "root": true,
      "rootEmpty": true,
      "_timeout": 2000
    }
  ],
  "meta": {
    "mocha": {
      "version": "7.2.0"
    },
    "mochawesome": {
      "options": {
        "quiet": false,
        "reportFilename": "report",
        "saveHtml": true,
        "saveJson": true,
        "consoleReporter": "spec",
        "useInlineDiffs": false,
        "code": true
      },
      "version": "7.1.3"
    },
    "marge": {
      "options": {
        "reportDir": "cypress/reports/api",
        "reportFilename": "report",
        "overwrite": false,
        "html": true,
        "json": true,
        "charts": true
      },
      "version": "6.2.0"
    }
  }
}