{
  "stats": {
    "suites": 1,
    "tests": 2,
    "passes": 2,
    "pending": 0,
    "failures": 0,
    "start": "2025-06-09T16:01:56.761Z",
    "end": "2025-06-09T16:02:50.640Z",
    "duration": 53879,
    "testsRegistered": 2,
    "passPercent": 100,
    "pendingPercent": 0,
    "other": 0,
    "hasOther": false,
    "skipped": 0,
    "hasSkipped": false
  },
  "results": [
    {
      "uuid": "0ea5ec73-4085-49ff-a07b-c686a7793598",
      "title": "",
      "fullFile": "cypress\\e2e\\beckett\\opg\\opgSearch.cy.js",
      "file": "cypress\\e2e\\beckett\\opg\\opgSearch.cy.js",
      "beforeHooks": [],
      "afterHooks": [],
      "tests": [],
      "suites": [
        {
          "uuid": "035a0de4-cac3-40f1-aa4e-75393488e23d",
          "title": "Beckett opg search",
          "fullFile": "",
          "file": "",
          "beforeHooks": [],
          "afterHooks": [],
          "tests": [
            {
              "title": "opg search without login ",
              "fullTitle": "Beckett opg search opg search without login ",
              "timedOut": null,
              "duration": 9822,
              "state": "passed",
              "speed": "medium",
              "pass": true,
              "fail": false,
              "pending": false,
              "context": null,
              "code": "cy.visit('https://www.beckett.com/opg');\ncy.get('a.btn.borOne', {\n  timeout: 10000\n}).should('be.visible');\ncy.get('#siteSearchQuery').should('be.visible').click();\ncy.url().should('include', '/online-price-guide');\ncy.get('#siteSearchQuery').should('be.visible').type('jordan');\ncy.contains('Please login to search the Beckett Online Price Guide. ').should('be.visible');",
              "err": {},
              "uuid": "e6b917b5-83ba-464b-aca8-f43b71a11384",
              "parentUUID": "035a0de4-cac3-40f1-aa4e-75393488e23d",
              "isHook": false,
              "skipped": false
            },
            {
              "title": "opg search with login ",
              "fullTitle": "Beckett opg search opg search with login ",
              "timedOut": null,
              "duration": 38664,
              "state": "passed",
              "speed": "slow",
              "pass": true,
              "fail": false,
              "pending": false,
              "context": null,
              "code": "cy.visit('https://www.beckett.com/opg');\ncy.get('div[class=\"LogGridRight\"] a[aria-label=\"Login\"]').should('be.visible').click();\ncy.get('#loginEmail').type('devendras@beckett.com');\ncy.get('#loginPassword', {\n  timeout: 500\n}).type('Dksoni@2716');\ncy.get('#btn_login').click({\n  force: true\n});\ncy.wait(8000);\ncy.url().should('not.include', '/login');\ncy.url().should('include', '/online-price-guide');\ncy.get('#siteSearchQuery').should('be.visible').click();\ncy.get('#siteSearchQuery').should('be.visible').type('1986 Star Michael Jordan');\ncy.get('#search_button_opg').should('be.visible').click();\ncy.get('.bi.bi-filter').should('be.visible').click();\ncy.get('label[for=set_id1]').should('be.visible').click();",
              "err": {},
              "uuid": "b5c840d4-54d8-4645-8ae4-ba64dadb25fa",
              "parentUUID": "035a0de4-cac3-40f1-aa4e-75393488e23d",
              "isHook": false,
              "skipped": false
            }
          ],
          "suites": [],
          "passes": [
            "e6b917b5-83ba-464b-aca8-f43b71a11384",
            "b5c840d4-54d8-4645-8ae4-ba64dadb25fa"
          ],
          "failures": [],
          "pending": [],
          "skipped": [],
          "duration": 48486,
          "root": false,
          "rootEmpty": false,
          "_timeout": 2000
        }
      ],
      "passes": [],
      "failures": [],
      "pending": [],
      "skipped": [],
      "duration": 0,
      "root": true,
      "rootEmpty": true,
      "_timeout": 2000
    }
  ],
  "meta": {
    "mocha": {
      "version": "7.2.0"
    },
    "mochawesome": {
      "options": {
        "quiet": false,
        "reportFilename": "report",
        "saveHtml": true,
        "saveJson": true,
        "consoleReporter": "spec",
        "useInlineDiffs": false,
        "code": true
      },
      "version": "7.1.3"
    },
    "marge": {
      "options": {
        "reportDir": "cypress/reports/beckett1",
        "reportFilename": "report",
        "overwrite": false,
        "html": true,
        "json": true,
        "charts": true
      },
      "version": "6.2.0"
    }
  }
}