{
  "stats": {
    "suites": 1,
    "tests": 1,
    "passes": 1,
    "pending": 0,
    "failures": 0,
    "start": "2025-06-09T15:55:46.295Z",
    "end": "2025-06-09T15:56:22.975Z",
    "duration": 36680,
    "testsRegistered": 1,
    "passPercent": 100,
    "pendingPercent": 0,
    "other": 0,
    "hasOther": false,
    "skipped": 0,
    "hasSkipped": false
  },
  "results": [
    {
      "uuid": "8b02aea5-d7bc-49aa-a9b2-c0fcd774adbb",
      "title": "",
      "fullFile": "cypress\\e2e\\beckett\\grading\\popreport.cy.js",
      "file": "cypress\\e2e\\beckett\\grading\\popreport.cy.js",
      "beforeHooks": [],
      "afterHooks": [],
      "tests": [],
      "suites": [
        {
          "uuid": "0c202c2a-2cbd-4178-a878-29f2af8b992c",
          "title": "My First Test",
          "fullFile": "",
          "file": "",
          "beforeHooks": [],
          "afterHooks": [],
          "tests": [
            {
              "title": "verify title of page positive test",
              "fullTitle": "My First Test verify title of page positive test",
              "timedOut": null,
              "duration": 33074,
              "state": "passed",
              "speed": "slow",
              "pass": true,
              "fail": false,
              "pending": false,
              "context": null,
              "code": "cy.viewport(1920, 1080);\ncy.visit(\"https://www.beckett.com/\");\ncy.contains('Pop Report').should('be.visible').click();\ncy.get('#sport_id').should('be.visible').select('Baseball');\ncy.get('#set_name').should('be.visible').type('2009 topps');\ncy.get('#player_name').should('be.visible').type('Jordan');\ncy.get('input[name=search]').should('be.visible').click();\ncy.get('tbody > :nth-child(1) > :nth-child(5) > a').should('contain.text', '2009 Topps 206 Autographs');\ncy.contains('a', '2009 Topps 206 Mini Framed Autograph').should('be.visible');\ncy.get('input[name=\"ViewAllGrades\"]').should('be.visible').click();",
              "err": {},
              "uuid": "efaba13a-27e9-478a-949f-6e88a9ed38c5",
              "parentUUID": "0c202c2a-2cbd-4178-a878-29f2af8b992c",
              "isHook": false,
              "skipped": false
            }
          ],
          "suites": [],
          "passes": [
            "efaba13a-27e9-478a-949f-6e88a9ed38c5"
          ],
          "failures": [],
          "pending": [],
          "skipped": [],
          "duration": 33074,
          "root": false,
          "rootEmpty": false,
          "_timeout": 2000
        }
      ],
      "passes": [],
      "failures": [],
      "pending": [],
      "skipped": [],
      "duration": 0,
      "root": true,
      "rootEmpty": true,
      "_timeout": 2000
    }
  ],
  "meta": {
    "mocha": {
      "version": "7.2.0"
    },
    "mochawesome": {
      "options": {
        "quiet": false,
        "reportFilename": "report",
        "saveHtml": true,
        "saveJson": true,
        "consoleReporter": "spec",
        "useInlineDiffs": false,
        "code": true
      },
      "version": "7.1.3"
    },
    "marge": {
      "options": {
        "reportDir": "cypress/reports/beckett1",
        "reportFilename": "report",
        "overwrite": false,
        "html": true,
        "json": true,
        "charts": true
      },
      "version": "6.2.0"
    }
  }
}