{
  "stats": {
    "suites": 1,
    "tests": 1,
    "passes": 1,
    "pending": 0,
    "failures": 0,
    "start": "2025-06-09T16:02:52.742Z",
    "end": "2025-06-09T16:03:10.962Z",
    "duration": 18220,
    "testsRegistered": 1,
    "passPercent": 100,
    "pendingPercent": 0,
    "other": 0,
    "hasOther": false,
    "skipped": 0,
    "hasSkipped": false
  },
  "results": [
    {
      "uuid": "cb292b5f-930b-435b-a8eb-455a10274614",
      "title": "",
      "fullFile": "cypress\\e2e\\beckett\\login\\forgotpassword.cy.js",
      "file": "cypress\\e2e\\beckett\\login\\forgotpassword.cy.js",
      "beforeHooks": [],
      "afterHooks": [],
      "tests": [],
      "suites": [
        {
          "uuid": "88cb801a-4c72-4801-b69e-bd94ae8417af",
          "title": "Forgot password test",
          "fullFile": "",
          "file": "",
          "beforeHooks": [],
          "afterHooks": [],
          "tests": [
            {
              "title": "forgot password test",
              "fullTitle": "Forgot password test forgot password test",
              "timedOut": null,
              "duration": 15208,
              "state": "passed",
              "speed": "slow",
              "pass": true,
              "fail": false,
              "pending": false,
              "context": null,
              "code": "cy.visit('https://www.beckett.com/');\ncy.get('.btn-outline-primary-new-color').should('be.visible').click();\ncy.get('#loginEmail').type(email);\ncy.get('#loginPassword').type(wpassword);\ncy.contains('a', 'Forgot Password').should('be.visible').click();\ncy.contains('h1', 'Forgot Password').should('be.visible');\ncy.get('#email').should('be.visible').type(email);\ncy.get('#g-recaptcha-1 > [style=\"width: 304px; height: 78px;\"] > div > iframe').should('be.visible').click();\ncy.get('.sentPassReset').should('be.visible').click();",
              "err": {},
              "uuid": "a90077e7-1d4c-4e4e-acf5-dcedb678812c",
              "parentUUID": "88cb801a-4c72-4801-b69e-bd94ae8417af",
              "isHook": false,
              "skipped": false
            }
          ],
          "suites": [],
          "passes": [
            "a90077e7-1d4c-4e4e-acf5-dcedb678812c"
          ],
          "failures": [],
          "pending": [],
          "skipped": [],
          "duration": 15208,
          "root": false,
          "rootEmpty": false,
          "_timeout": 2000
        }
      ],
      "passes": [],
      "failures": [],
      "pending": [],
      "skipped": [],
      "duration": 0,
      "root": true,
      "rootEmpty": true,
      "_timeout": 2000
    }
  ],
  "meta": {
    "mocha": {
      "version": "7.2.0"
    },
    "mochawesome": {
      "options": {
        "quiet": false,
        "reportFilename": "report",
        "saveHtml": true,
        "saveJson": true,
        "consoleReporter": "spec",
        "useInlineDiffs": false,
        "code": true
      },
      "version": "7.1.3"
    },
    "marge": {
      "options": {
        "reportDir": "cypress/reports/beckett1",
        "reportFilename": "report",
        "overwrite": false,
        "html": true,
        "json": true,
        "charts": true
      },
      "version": "6.2.0"
    }
  }
}