{
  "stats": {
    "suites": 1,
    "tests": 1,
    "passes": 1,
    "pending": 0,
    "failures": 0,
    "start": "2025-06-09T15:55:11.842Z",
    "end": "2025-06-09T15:55:43.068Z",
    "duration": 31226,
    "testsRegistered": 1,
    "passPercent": 100,
    "pendingPercent": 0,
    "other": 0,
    "hasOther": false,
    "skipped": 0,
    "hasSkipped": false
  },
  "results": [
    {
      "uuid": "c892ef32-c8e1-4e99-bb1c-97316a93dc41",
      "title": "",
      "fullFile": "cypress\\e2e\\beckett\\BMP\\bmpSearch.cy.js",
      "file": "cypress\\e2e\\beckett\\BMP\\bmpSearch.cy.js",
      "beforeHooks": [],
      "afterHooks": [],
      "tests": [],
      "suites": [
        {
          "uuid": "20c92823-9ac5-4a9f-9555-9f917d035fd9",
          "title": "BMP search test ",
          "fullFile": "",
          "file": "",
          "beforeHooks": [],
          "afterHooks": [],
          "tests": [
            {
              "title": "BMP Search withhhout login",
              "fullTitle": "BMP search test  BMP Search withhhout login",
              "timedOut": null,
              "duration": 27377,
              "state": "passed",
              "speed": "slow",
              "pass": true,
              "fail": false,
              "pending": false,
              "context": null,
              "code": "cy.visit('https://marketplace.beckett.com/');\ncy.viewport('macbook-16');\ncy.get('a[aria-label=\"Login\"]').should('be.visible');\ncy.get('input[type=\"radio\"]').should('be.checked');\ncy.get('#siteSearchQuery').should('be.visible').type('2009 topps');\ncy.get('#search_button_opg').should('be.visible').click();\ncy.contains('a', '2009 topps').should('be.visible');\ncy.contains('a', 'Item').should('be.visible').click();\ncy.get('input[name=from]').should('be.visible').type('1');\ncy.get('input[name=to').should('be.visible').type('50');\ncy.get('.apply_ranged_filter').should('be.visible').click();\ncy.contains('a', 'Price').should('be.visible');",
              "err": {},
              "uuid": "f15feb0e-12d9-4075-a3eb-3be86f2bf9b2",
              "parentUUID": "20c92823-9ac5-4a9f-9555-9f917d035fd9",
              "isHook": false,
              "skipped": false
            }
          ],
          "suites": [],
          "passes": [
            "f15feb0e-12d9-4075-a3eb-3be86f2bf9b2"
          ],
          "failures": [],
          "pending": [],
          "skipped": [],
          "duration": 27377,
          "root": false,
          "rootEmpty": false,
          "_timeout": 2000
        }
      ],
      "passes": [],
      "failures": [],
      "pending": [],
      "skipped": [],
      "duration": 0,
      "root": true,
      "rootEmpty": true,
      "_timeout": 2000
    }
  ],
  "meta": {
    "mocha": {
      "version": "7.2.0"
    },
    "mochawesome": {
      "options": {
        "quiet": false,
        "reportFilename": "report",
        "saveHtml": true,
        "saveJson": true,
        "consoleReporter": "spec",
        "useInlineDiffs": false,
        "code": true
      },
      "version": "7.1.3"
    },
    "marge": {
      "options": {
        "reportDir": "cypress/reports/beckett1",
        "reportFilename": "report",
        "overwrite": false,
        "html": true,
        "json": true,
        "charts": true
      },
      "version": "6.2.0"
    }
  }
}