{
  "stats": {
    "suites": 1,
    "tests": 1,
    "passes": 1,
    "pending": 0,
    "failures": 0,
    "start": "2025-06-22T09:41:36.647Z",
    "end": "2025-06-22T09:41:38.902Z",
    "duration": 2255,
    "testsRegistered": 1,
    "passPercent": 100,
    "pendingPercent": 0,
    "other": 0,
    "hasOther": false,
    "skipped": 0,
    "hasSkipped": false
  },
  "results": [
    {
      "uuid": "22309c2e-4117-4018-975d-7d487e41f66b",
      "title": "",
      "fullFile": "cypress\\e2e\\api_test\\delet.cy.js",
      "file": "cypress\\e2e\\api_test\\delet.cy.js",
      "beforeHooks": [],
      "afterHooks": [],
      "tests": [],
      "suites": [
        {
          "uuid": "179c609c-5533-4730-961c-706db93c3b94",
          "title": "delet a user ",
          "fullFile": "",
          "file": "",
          "beforeHooks": [],
          "afterHooks": [],
          "tests": [
            {
              "title": "post Users",
              "fullTitle": "delet a user  post Users",
              "timedOut": null,
              "duration": 2226,
              "state": "passed",
              "speed": "fast",
              "pass": true,
              "fail": false,
              "pending": false,
              "context": null,
              "code": "//genreting rendum emails\nvar pattern = \"ABCDEFGHIJKLMNOPQRSTUVWXYZabcdefghijklmnopqrstuvwxyz\";\nfor (var i = 0; i < 10; i++) {\n  rendumtext += pattern.charAt(Math.floor(Math.random() * pattern.length));\n  textemail = rendumtext + \"@gmnail.com\";\n}\n// create user for delet\ncy.request({\n  method: \"POST\",\n  url: \"https://gorest.co.in/public/v2/users/\",\n  headers: {\n    Authorization: 'Bearer 3260e4bb2c95687541c997231ee95646ff0d767415fad82d5ff8c11d145d1431',\n    'Content-Type': 'application/json'\n  },\n  // getting data from fixtures file\n  body: {\n    name: rendumtext,\n    email: textemail,\n    gender: \"male\",\n    status: \"active\"\n  }\n}).then(res => {\n  cy.log(JSON.stringify(res));\n  expect(res.status).to.equal(201);\n  expect(res.body).to.have.property('id');\n  expect(res.body.name).to.equal(rendumtext);\n  expect(res.body.gender).to.equal(\"male\");\n  // eleting userID\n  const userID = res.body.id;\n  cy.log(\"user id is : \" + userID);\n  // delete user\n  cy.request({\n    method: 'DELETE',\n    url: 'https://gorest.co.in/public/v1/users/' + userID,\n    headers: {\n      Authorization: 'Bearer 3260e4bb2c95687541c997231ee95646ff0d767415fad82d5ff8c11d145d1431'\n    }\n  }).then(res => {\n    expect(res.status).to.eq(204);\n    //getting user\n    cy.request({\n      method: 'GET',\n      url: 'https://gorest.co.in/public/v1/users/' + userID,\n      failOnStatusCode: false,\n      headers: {\n        Authorization: 'Bearer 3260e4bb2c95687541c997231ee95646ff0d767415fad82d5ff8c11d145d1431'\n      }\n    }).then(res => {\n      expect(res.body.data).has.property('message', 'Resource not found');\n    });\n  });\n});",
              "err": {},
              "uuid": "f6b906b8-3fac-4170-95d3-f21ada00a6c9",
              "parentUUID": "179c609c-5533-4730-961c-706db93c3b94",
              "isHook": false,
              "skipped": false
            }
          ],
          "suites": [],
          "passes": [
            "f6b906b8-3fac-4170-95d3-f21ada00a6c9"
          ],
          "failures": [],
          "pending": [],
          "skipped": [],
          "duration": 2226,
          "root": false,
          "rootEmpty": false,
          "_timeout": 2000
        }
      ],
      "passes": [],
      "failures": [],
      "pending": [],
      "skipped": [],
      "duration": 0,
      "root": true,
      "rootEmpty": true,
      "_timeout": 2000
    }
  ],
  "meta": {
    "mocha": {
      "version": "7.2.0"
    },
    "mochawesome": {
      "options": {
        "quiet": false,
        "reportFilename": "report",
        "saveHtml": true,
        "saveJson": true,
        "consoleReporter": "spec",
        "useInlineDiffs": false,
        "code": true
      },
      "version": "7.1.3"
    },
    "marge": {
      "options": {
        "reportDir": "cypress/reports/api_test",
        "reportFilename": "report",
        "overwrite": false,
        "html": true,
        "json": true,
        "charts": true
      },
      "version": "6.2.0"
    }
  }
}