{
  "stats": {
    "suites": 1,
    "tests": 1,
    "passes": 1,
    "pending": 0,
    "failures": 0,
    "start": "2025-06-22T09:41:48.639Z",
    "end": "2025-06-22T09:41:58.549Z",
    "duration": 9910,
    "testsRegistered": 1,
    "passPercent": 100,
    "pendingPercent": 0,
    "other": 0,
    "hasOther": false,
    "skipped": 0,
    "hasSkipped": false
  },
  "results": [
    {
      "uuid": "b0efa32b-2b58-40fa-aca7-5a96b61eb3d8",
      "title": "",
      "fullFile": "cypress\\e2e\\api_test\\intercept.cy.js",
      "file": "cypress\\e2e\\api_test\\intercept.cy.js",
      "beforeHooks": [],
      "afterHooks": [],
      "tests": [],
      "suites": [
        {
          "uuid": "83d0cc0e-3625-43c1-b067-511ba6a31c59",
          "title": "interseft requset",
          "fullFile": "",
          "file": "",
          "beforeHooks": [],
          "afterHooks": [],
          "tests": [
            {
              "title": "simple intersept",
              "fullTitle": "interseft requset simple intersept",
              "timedOut": null,
              "duration": 6129,
              "state": "passed",
              "speed": "medium",
              "pass": true,
              "fail": false,
              "pending": false,
              "context": null,
              "code": "cy.visit('https://jsonplaceholder.typicode.com/');\ncy.intercept({\n  path: '/posts'\n}).as('123');\ncy.get('tbody > :nth-child(1) > :nth-child(1) > a').click();\ncy.wait('@123').then(intr => {\n  cy.log(JSON.stringify(intr));\n  console.log(JSON.stringify(intr));\n  expect(intr.response.body).to.have.length(100);\n});",
              "err": {},
              "uuid": "7f50362c-5bae-4be4-ad40-ba4e8d00ff7b",
              "parentUUID": "83d0cc0e-3625-43c1-b067-511ba6a31c59",
              "isHook": false,
              "skipped": false
            }
          ],
          "suites": [],
          "passes": [
            "7f50362c-5bae-4be4-ad40-ba4e8d00ff7b"
          ],
          "failures": [],
          "pending": [],
          "skipped": [],
          "duration": 6129,
          "root": false,
          "rootEmpty": false,
          "_timeout": 2000
        }
      ],
      "passes": [],
      "failures": [],
      "pending": [],
      "skipped": [],
      "duration": 0,
      "root": true,
      "rootEmpty": true,
      "_timeout": 2000
    }
  ],
  "meta": {
    "mocha": {
      "version": "7.2.0"
    },
    "mochawesome": {
      "options": {
        "quiet": false,
        "reportFilename": "report",
        "saveHtml": true,
        "saveJson": true,
        "consoleReporter": "spec",
        "useInlineDiffs": false,
        "code": true
      },
      "version": "7.1.3"
    },
    "marge": {
      "options": {
        "reportDir": "cypress/reports/api_test",
        "reportFilename": "report",
        "overwrite": false,
        "html": true,
        "json": true,
        "charts": true
      },
      "version": "6.2.0"
    }
  }
}