{
  "stats": {
    "suites": 1,
    "tests": 1,
    "passes": 1,
    "pending": 0,
    "failures": 0,
    "start": "2025-06-22T09:41:42.942Z",
    "end": "2025-06-22T09:41:47.062Z",
    "duration": 4120,
    "testsRegistered": 1,
    "passPercent": 100,
    "pendingPercent": 0,
    "other": 0,
    "hasOther": false,
    "skipped": 0,
    "hasSkipped": false
  },
  "results": [
    {
      "uuid": "7bab8b99-e946-4a28-a341-cb48235d611b",
      "title": "",
      "fullFile": "cypress\\e2e\\api_test\\getUser.cy.js",
      "file": "cypress\\e2e\\api_test\\getUser.cy.js",
      "beforeHooks": [],
      "afterHooks": [],
      "tests": [],
      "suites": [
        {
          "uuid": "f26efea6-967e-4192-8dd1-5c0da391320a",
          "title": "get users by api",
          "fullFile": "",
          "file": "",
          "beforeHooks": [],
          "afterHooks": [],
          "tests": [
            {
              "title": "get Users",
              "fullTitle": "get users by api get Users",
              "timedOut": null,
              "duration": 4075,
              "state": "passed",
              "speed": "fast",
              "pass": true,
              "fail": false,
              "pending": false,
              "context": null,
              "code": "cy.request({\n  method: 'GET',\n  url: 'https://gorest.co.in/public/v2/users',\n  header: {\n    'Authorization': 'Bearer ' + tocken\n  }\n}).then(res => {\n  expect(res.status).to.equal(200);\n  expect(res.body).to.have.length(10);\n  res.body.forEach(user => {\n    expect(user).to.have.all.keys('id', 'name', 'email', 'gender', 'status');\n    expect(user.id).to.be.a('number');\n    expect(user.name).to.be.a('string');\n    expect(user.email).to.be.a('string');\n    expect(user.gender).to.be.oneOf(['male', 'female']);\n    expect(user.status).to.be.oneOf(['active', 'inactive']);\n    const users = res.body;\n    const firstUserId = users[0].id;\n    cy.log('First user ID:', firstUserId);\n    cy.request({\n      method: 'GET',\n      url: 'https://gorest.co.in/public/v2/users/' + firstUserId,\n      header: {\n        'Authorization': 'Bearer ' + tocken\n      }\n    }).then(res => {\n      expect(res.status).to.equal(200);\n      const user1 = res.body;\n      const name = user1.name;\n      cy.log(name);\n    });\n  });\n});",
              "err": {},
              "uuid": "7a093f64-ea1e-4263-a74f-136641b8ecda",
              "parentUUID": "f26efea6-967e-4192-8dd1-5c0da391320a",
              "isHook": false,
              "skipped": false
            }
          ],
          "suites": [],
          "passes": [
            "7a093f64-ea1e-4263-a74f-136641b8ecda"
          ],
          "failures": [],
          "pending": [],
          "skipped": [],
          "duration": 4075,
          "root": false,
          "rootEmpty": false,
          "_timeout": 2000
        }
      ],
      "passes": [],
      "failures": [],
      "pending": [],
      "skipped": [],
      "duration": 0,
      "root": true,
      "rootEmpty": true,
      "_timeout": 2000
    }
  ],
  "meta": {
    "mocha": {
      "version": "7.2.0"
    },
    "mochawesome": {
      "options": {
        "quiet": false,
        "reportFilename": "report",
        "saveHtml": true,
        "saveJson": true,
        "consoleReporter": "spec",
        "useInlineDiffs": false,
        "code": true
      },
      "version": "7.1.3"
    },
    "marge": {
      "options": {
        "reportDir": "cypress/reports/api_test",
        "reportFilename": "report",
        "overwrite": false,
        "html": true,
        "json": true,
        "charts": true
      },
      "version": "6.2.0"
    }
  }
}