{
  "stats": {
    "suites": 1,
    "tests": 4,
    "passes": 4,
    "pending": 0,
    "failures": 0,
    "start": "2025-06-22T09:41:34.171Z",
    "end": "2025-06-22T09:41:34.840Z",
    "duration": 669,
    "testsRegistered": 4,
    "passPercent": 100,
    "pendingPercent": 0,
    "other": 0,
    "hasOther": false,
    "skipped": 0,
    "hasSkipped": false
  },
  "results": [
    {
      "uuid": "b44823ec-e6d8-4a6c-a2e5-2e7f68f91c77",
      "title": "",
      "fullFile": "cypress\\e2e\\api_test\\api_test_alia.cy.js",
      "file": "cypress\\e2e\\api_test\\api_test_alia.cy.js",
      "beforeHooks": [],
      "afterHooks": [],
      "tests": [],
      "suites": [
        {
          "uuid": "ff2b4d99-b1ac-495c-8c1d-731dad016446",
          "title": "api testing with alias",
          "fullFile": "",
          "file": "",
          "beforeHooks": [],
          "afterHooks": [],
          "tests": [
            {
              "title": "velidate header info ",
              "fullTitle": "api testing with alias velidate header info ",
              "timedOut": null,
              "duration": 300,
              "state": "passed",
              "speed": "fast",
              "pass": true,
              "fail": false,
              "pending": false,
              "context": null,
              "code": "cy.get('@users').should(res => {\n  expect(res.status).equal(200);\n});",
              "err": {},
              "uuid": "c018163d-e087-4c27-bcae-3fcd82672e08",
              "parentUUID": "ff2b4d99-b1ac-495c-8c1d-731dad016446",
              "isHook": false,
              "skipped": false
            },
            {
              "title": "velidate header info ",
              "fullTitle": "api testing with alias velidate header info ",
              "timedOut": null,
              "duration": 103,
              "state": "passed",
              "speed": "fast",
              "pass": true,
              "fail": false,
              "pending": false,
              "context": null,
              "code": "cy.get('@users').its('headers').its('connection').should('include', 'keep-alive');",
              "err": {},
              "uuid": "cf2943fb-288f-4cf2-9170-02618102c5df",
              "parentUUID": "ff2b4d99-b1ac-495c-8c1d-731dad016446",
              "isHook": false,
              "skipped": false
            },
            {
              "title": "velidate body info ",
              "fullTitle": "api testing with alias velidate body info ",
              "timedOut": null,
              "duration": 106,
              "state": "passed",
              "speed": "fast",
              "pass": true,
              "fail": false,
              "pending": false,
              "context": null,
              "code": "cy.get('@users').its('body').should('contain', {\n  'total_pages': 2\n});",
              "err": {},
              "uuid": "9862ca13-e71a-47fd-9ecc-0fd69a980f47",
              "parentUUID": "ff2b4d99-b1ac-495c-8c1d-731dad016446",
              "isHook": false,
              "skipped": false
            },
            {
              "title": "velidate body info array ",
              "fullTitle": "api testing with alias velidate body info array ",
              "timedOut": null,
              "duration": 84,
              "state": "passed",
              "speed": "fast",
              "pass": true,
              "fail": false,
              "pending": false,
              "context": null,
              "code": "cy.get('@users').its('body').then(res => {\n  expect(res.data[0]).has.property('id', 7);\n});",
              "err": {},
              "uuid": "77b34d14-6a16-4c53-a16c-b2922fa8bdb3",
              "parentUUID": "ff2b4d99-b1ac-495c-8c1d-731dad016446",
              "isHook": false,
              "skipped": false
            }
          ],
          "suites": [],
          "passes": [
            "c018163d-e087-4c27-bcae-3fcd82672e08",
            "cf2943fb-288f-4cf2-9170-02618102c5df",
            "9862ca13-e71a-47fd-9ecc-0fd69a980f47",
            "77b34d14-6a16-4c53-a16c-b2922fa8bdb3"
          ],
          "failures": [],
          "pending": [],
          "skipped": [],
          "duration": 593,
          "root": false,
          "rootEmpty": false,
          "_timeout": 2000
        }
      ],
      "passes": [],
      "failures": [],
      "pending": [],
      "skipped": [],
      "duration": 0,
      "root": true,
      "rootEmpty": true,
      "_timeout": 2000
    }
  ],
  "meta": {
    "mocha": {
      "version": "7.2.0"
    },
    "mochawesome": {
      "options": {
        "quiet": false,
        "reportFilename": "report",
        "saveHtml": true,
        "saveJson": true,
        "consoleReporter": "spec",
        "useInlineDiffs": false,
        "code": true
      },
      "version": "7.1.3"
    },
    "marge": {
      "options": {
        "reportDir": "cypress/reports/api_test",
        "reportFilename": "report",
        "overwrite": false,
        "html": true,
        "json": true,
        "charts": true
      },
      "version": "6.2.0"
    }
  }
}