{
  "stats": {
    "suites": 1,
    "tests": 1,
    "passes": 1,
    "pending": 0,
    "failures": 0,
    "start": "2025-06-22T09:42:01.051Z",
    "end": "2025-06-22T09:42:01.936Z",
    "duration": 885,
    "testsRegistered": 1,
    "passPercent": 100,
    "pendingPercent": 0,
    "other": 0,
    "hasOther": false,
    "skipped": 0,
    "hasSkipped": false
  },
  "results": [
    {
      "uuid": "c5731002-7c5b-4bdb-ab54-22fcd214b315",
      "title": "",
      "fullFile": "cypress\\e2e\\api_test\\post.cy.js",
      "file": "cypress\\e2e\\api_test\\post.cy.js",
      "beforeHooks": [],
      "afterHooks": [],
      "tests": [],
      "suites": [
        {
          "uuid": "e54c6ac2-7e7a-4860-a90d-4023514114e1",
          "title": "Create new user using POST",
          "fullFile": "",
          "file": "",
          "beforeHooks": [],
          "afterHooks": [],
          "tests": [
            {
              "title": "post Users",
              "fullTitle": "Create new user using POST post Users",
              "timedOut": null,
              "duration": 834,
              "state": "passed",
              "speed": "fast",
              "pass": true,
              "fail": false,
              "pending": false,
              "context": null,
              "code": "//genreting rendum emails\nvar pattern = \"ABCDEFGHIJKLMNOPQRSTUVWXYZabcdefghijklmnopqrstuvwxyz\";\nfor (var i = 0; i < 10; i++) {\n  rendumtext += pattern.charAt(Math.floor(Math.random() * pattern.length));\n  textemail = rendumtext + \"@gmnail.com\";\n}\ncy.request({\n  method: \"POST\",\n  url: \"https://gorest.co.in/public/v2/users\",\n  headers: {\n    Authorization: \"Bearer 3260e4bb2c95687541c997231ee95646ff0d767415fad82d5ff8c11d145d1431\",\n    'Content-Type': 'application/json'\n  },\n  // getting data from fixtures file\n  body: {\n    name: data.name,\n    email: textemail,\n    gender: data.gender,\n    status: data.status\n  }\n}).then(res => {\n  cy.log(JSON.stringify(res));\n  expect(res.status).to.equal(201);\n  expect(res.body).to.have.property('id');\n  expect(res.body.name).to.equal(data.name);\n  expect(res.body.gender).to.equal(data.gender);\n});",
              "err": {},
              "uuid": "83a08e37-c3c7-46b6-ac69-cc819bece87f",
              "parentUUID": "e54c6ac2-7e7a-4860-a90d-4023514114e1",
              "isHook": false,
              "skipped": false
            }
          ],
          "suites": [],
          "passes": [
            "83a08e37-c3c7-46b6-ac69-cc819bece87f"
          ],
          "failures": [],
          "pending": [],
          "skipped": [],
          "duration": 834,
          "root": false,
          "rootEmpty": false,
          "_timeout": 2000
        }
      ],
      "passes": [],
      "failures": [],
      "pending": [],
      "skipped": [],
      "duration": 0,
      "root": true,
      "rootEmpty": true,
      "_timeout": 2000
    }
  ],
  "meta": {
    "mocha": {
      "version": "7.2.0"
    },
    "mochawesome": {
      "options": {
        "quiet": false,
        "reportFilename": "report",
        "saveHtml": true,
        "saveJson": true,
        "consoleReporter": "spec",
        "useInlineDiffs": false,
        "code": true
      },
      "version": "7.1.3"
    },
    "marge": {
      "options": {
        "reportDir": "cypress/reports/api_test",
        "reportFilename": "report",
        "overwrite": false,
        "html": true,
        "json": true,
        "charts": true
      },
      "version": "6.2.0"
    }
  }
}