{
  "stats": {
    "suites": 1,
    "tests": 4,
    "passes": 4,
    "pending": 0,
    "failures": 0,
    "start": "2025-06-22T09:25:02.594Z",
    "end": "2025-06-22T09:25:03.346Z",
    "duration": 752,
    "testsRegistered": 4,
    "passPercent": 100,
    "pendingPercent": 0,
    "other": 0,
    "hasOther": false,
    "skipped": 0,
    "hasSkipped": false
  },
  "results": [
    {
      "uuid": "a93d3862-0d2a-47a0-a0fb-94fbc2111ed4",
      "title": "",
      "fullFile": "cypress\\e2e\\api_test\\api_test_alia.cy.js",
      "file": "cypress\\e2e\\api_test\\api_test_alia.cy.js",
      "beforeHooks": [],
      "afterHooks": [],
      "tests": [],
      "suites": [
        {
          "uuid": "10b9831a-b9aa-4ffc-87a0-76644f37d447",
          "title": "api testing with alias",
          "fullFile": "",
          "file": "",
          "beforeHooks": [],
          "afterHooks": [],
          "tests": [
            {
              "title": "velidate header info ",
              "fullTitle": "api testing with alias velidate header info ",
              "timedOut": null,
              "duration": 341,
              "state": "passed",
              "speed": "fast",
              "pass": true,
              "fail": false,
              "pending": false,
              "context": null,
              "code": "cy.get('@users').should(res => {\n  expect(res.status).equal(200);\n});",
              "err": {},
              "uuid": "c72fbc9b-661a-40a8-b972-50aec2603318",
              "parentUUID": "10b9831a-b9aa-4ffc-87a0-76644f37d447",
              "isHook": false,
              "skipped": false
            },
            {
              "title": "velidate header info ",
              "fullTitle": "api testing with alias velidate header info ",
              "timedOut": null,
              "duration": 116,
              "state": "passed",
              "speed": "fast",
              "pass": true,
              "fail": false,
              "pending": false,
              "context": null,
              "code": "cy.get('@users').its('headers').its('connection').should('include', 'keep-alive');",
              "err": {},
              "uuid": "17aff98d-4d3a-4856-aed7-02d33ebdfedf",
              "parentUUID": "10b9831a-b9aa-4ffc-87a0-76644f37d447",
              "isHook": false,
              "skipped": false
            },
            {
              "title": "velidate body info ",
              "fullTitle": "api testing with alias velidate body info ",
              "timedOut": null,
              "duration": 115,
              "state": "passed",
              "speed": "fast",
              "pass": true,
              "fail": false,
              "pending": false,
              "context": null,
              "code": "cy.get('@users').its('body').should('contain', {\n  'total_pages': 2\n});",
              "err": {},
              "uuid": "f142ed2b-cc46-4970-88c1-ad49fa629220",
              "parentUUID": "10b9831a-b9aa-4ffc-87a0-76644f37d447",
              "isHook": false,
              "skipped": false
            },
            {
              "title": "velidate body info array ",
              "fullTitle": "api testing with alias velidate body info array ",
              "timedOut": null,
              "duration": 105,
              "state": "passed",
              "speed": "fast",
              "pass": true,
              "fail": false,
              "pending": false,
              "context": null,
              "code": "cy.get('@users').its('body').then(res => {\n  expect(res.data[0]).has.property('id', 7);\n});",
              "err": {},
              "uuid": "3e2ac9c9-518a-4f2d-874c-d31aab9fbfec",
              "parentUUID": "10b9831a-b9aa-4ffc-87a0-76644f37d447",
              "isHook": false,
              "skipped": false
            }
          ],
          "suites": [],
          "passes": [
            "c72fbc9b-661a-40a8-b972-50aec2603318",
            "17aff98d-4d3a-4856-aed7-02d33ebdfedf",
            "f142ed2b-cc46-4970-88c1-ad49fa629220",
            "3e2ac9c9-518a-4f2d-874c-d31aab9fbfec"
          ],
          "failures": [],
          "pending": [],
          "skipped": [],
          "duration": 677,
          "root": false,
          "rootEmpty": false,
          "_timeout": 2000
        }
      ],
      "passes": [],
      "failures": [],
      "pending": [],
      "skipped": [],
      "duration": 0,
      "root": true,
      "rootEmpty": true,
      "_timeout": 2000
    }
  ],
  "meta": {
    "mocha": {
      "version": "7.2.0"
    },
    "mochawesome": {
      "options": {
        "quiet": false,
        "reportFilename": "report",
        "saveHtml": true,
        "saveJson": true,
        "consoleReporter": "spec",
        "useInlineDiffs": false,
        "code": true
      },
      "version": "7.1.3"
    },
    "marge": {
      "options": {
        "reportDir": "cypress/reports/api_test",
        "reportFilename": "report",
        "overwrite": false,
        "html": true,
        "json": true,
        "charts": true
      },
      "version": "6.2.0"
    }
  }
}