{
  "stats": {
    "suites": 1,
    "tests": 1,
    "passes": 0,
    "pending": 0,
    "failures": 1,
    "start": "2025-06-21T14:00:14.249Z",
    "end": "2025-06-21T14:01:30.597Z",
    "duration": 76348,
    "testsRegistered": 1,
    "passPercent": 0,
    "pendingPercent": 0,
    "other": 0,
    "hasOther": false,
    "skipped": 0,
    "hasSkipped": false
  },
  "results": [
    {
      "uuid": "6e50d9e0-3352-49e3-8aed-fa9d70ccac7a",
      "title": "",
      "fullFile": "cypress\\e2e\\beckett\\login\\forgotpassword.cy.js",
      "file": "cypress\\e2e\\beckett\\login\\forgotpassword.cy.js",
      "beforeHooks": [],
      "afterHooks": [],
      "tests": [],
      "suites": [
        {
          "uuid": "9e3a8e8c-2a50-4a79-bcc9-9171505615b6",
          "title": "Forgot password test",
          "fullFile": "",
          "file": "",
          "beforeHooks": [],
          "afterHooks": [],
          "tests": [
            {
              "title": "forgot password test",
              "fullTitle": "Forgot password test forgot password test",
              "timedOut": null,
              "duration": 73021,
              "state": "failed",
              "speed": null,
              "pass": false,
              "fail": true,
              "pending": false,
              "context": null,
              "code": "cy.visit('https://www.beckett.com/');\ncy.get('.btn-outline-primary-new-color').should('be.visible').click();\ncy.get('#loginEmail').type(email);\ncy.get('#loginPassword').type(wpassword);\ncy.contains('a', 'Forgot Password').should('be.visible').click();\ncy.contains('h1', 'Forgot Password').should('be.visible');\ncy.get('#email').should('be.visible').type(email, {\n  force: true\n});\ncy.get('#g-recaptcha-1 > [style=\"width: 304px; height: 78px;\"] > div > iframe').should('be.visible').click();\ncy.wait(30000);\ncy.get('.sentPassReset').should('be.visible').click();\ncy.wait(10000);\ncy.origin('https://yopmail.com', {\n  args: {\n    email\n  }\n}, ({\n  email\n}) => {\n  cy.visit('/en/');\n  cy.get('#login').type(email);\n  cy.get('#refreshbut > .md > .material-icons-outlined').click();\n  cy.get('iframe#ifinbox').then($iframe => {\n    const inbox = $iframe[0].contentDocument.body;\n    cy.wrap(inbox).contains('Confirm Password Reset').click(); // Adjust text if needed\n  });\n  cy.get('iframe#ifmail').then($iframe => {\n    const mailBody = $iframe[0].contentDocument.body;\n    cy.wrap(mailBody).invoke('text').then(text => {\n      const otpMatch = text.match(/\\b\\d{6}\\b/);\n      expect(otpMatch, 'OTP found in email').to.exist;\n      Cypress.env('otpCode', otpMatch[0]);\n    });\n  });\n});\ncy.then(() => {\n  const otp = Cypress.env('otpCode');\n  cy.visit('https://www.beckett.com/register/confirm/'); // Adjust if different\n  cy.get('input[name=\"verification code\"]').type(otp);\n  cy.get('button[type=\"submit\"]').click();\n  // Step 4: Enter new password\n  cy.get('#password').type(newPass);\n  cy.get('#confirmPassword').type(newPass);\n  cy.get('button[type=\"submit\"]').click();\n});",
              "err": {
                "message": "AssertionError: Timed out retrying after 5000ms: Expected to find content: 'Confirm Password Reset' but never did.",
                "estack": "AssertionError: Timed out retrying after 5000ms: Expected to find content: 'Confirm Password Reset' but never did.\n    at Context.eval (webpack://cypressautometion/./cypress/e2e/beckett/login/forgotpassword.cy.js:26:11)",
                "diff": null
              },
              "uuid": "f5b3bcf9-dd04-4ae5-a624-bd2c026c1c31",
              "parentUUID": "9e3a8e8c-2a50-4a79-bcc9-9171505615b6",
              "isHook": false,
              "skipped": false
            }
          ],
          "suites": [],
          "passes": [],
          "failures": [
            "f5b3bcf9-dd04-4ae5-a624-bd2c026c1c31"
          ],
          "pending": [],
          "skipped": [],
          "duration": 73021,
          "root": false,
          "rootEmpty": false,
          "_timeout": 2000
        }
      ],
      "passes": [],
      "failures": [],
      "pending": [],
      "skipped": [],
      "duration": 0,
      "root": true,
      "rootEmpty": true,
      "_timeout": 2000
    }
  ],
  "meta": {
    "mocha": {
      "version": "7.2.0"
    },
    "mochawesome": {
      "options": {
        "quiet": false,
        "reportFilename": "report",
        "saveHtml": true,
        "saveJson": true,
        "consoleReporter": "spec",
        "useInlineDiffs": false,
        "code": true
      },
      "version": "7.1.3"
    },
    "marge": {
      "options": {
        "reportDir": "cypress/reports/beckett",
        "reportFilename": "report",
        "overwrite": false,
        "html": true,
        "json": true,
        "charts": true
      },
      "version": "6.2.0"
    }
  }
}