{
  "stats": {
    "suites": 1,
    "tests": 1,
    "passes": 1,
    "pending": 0,
    "failures": 0,
    "start": "2025-06-21T13:55:26.459Z",
    "end": "2025-06-21T13:56:29.980Z",
    "duration": 63521,
    "testsRegistered": 1,
    "passPercent": 100,
    "pendingPercent": 0,
    "other": 0,
    "hasOther": false,
    "skipped": 0,
    "hasSkipped": false
  },
  "results": [
    {
      "uuid": "e2fd27b3-fbf3-4274-98bd-3164b25b7baf",
      "title": "",
      "fullFile": "cypress\\e2e\\beckett\\bca\\bcaSearch.cy.js",
      "file": "cypress\\e2e\\beckett\\bca\\bcaSearch.cy.js",
      "beforeHooks": [],
      "afterHooks": [],
      "tests": [],
      "suites": [
        {
          "uuid": "ceff6569-2746-48b4-85fb-d065c0c94e97",
          "title": "Beckett bca order  Test",
          "fullFile": "",
          "file": "",
          "beforeHooks": [],
          "afterHooks": [],
          "tests": [
            {
              "title": "BCA search",
              "fullTitle": "Beckett bca order  Test BCA search",
              "timedOut": null,
              "duration": 59937,
              "state": "passed",
              "speed": "slow",
              "pass": true,
              "fail": false,
              "pending": false,
              "context": null,
              "code": "cy.visit(\"https://www.beckett.com/bca\");\ncy.get('.container > .ServiceSlot > .serSec > .sendBtn > .currency_alert').click();\ncy.get('#loginEmail').type(email);\ncy.get('#loginPassword').type(password, {\n  log: false\n});\ncy.get('#btn_login').click();\n//login verification \ncy.url().should('include', '/bca/add');\n//creat a order \ncy.get('select[name=\"service_term\"]').select('2').should('have.value', '2');\ncy.wait(8000);\n// search 1871 Boston Red Stockings Wright Cabinets #NNO Harry Schafer\ncy.get('input[name=\"search_text\"]').should('be.visible').type('1871 Boston Red Stockings Wright Cabinets #NNO Harry Schafer');\ncy.wait(8000);\ncy.get('#search_submit').should('be.visible').click();\ncy.wait(8000);\ncy.get('li[title=\"1871 Boston Red Stockings Wright Cabinets #NNO Harry Schafer\"]').should('be.visible');\ncy.get('img[alt=\"Remove\"]').first().click();\n/// search 2009\ncy.get('input[name=\"search_text\"]').should('be.visible').type('2009');\ncy.wait(8000);\ncy.get('#search_submit').should('be.visible').click();\ncy.wait(8000);",
              "err": {},
              "uuid": "7efea901-820c-494f-998f-55ddd1e74daa",
              "parentUUID": "ceff6569-2746-48b4-85fb-d065c0c94e97",
              "isHook": false,
              "skipped": false
            }
          ],
          "suites": [],
          "passes": [
            "7efea901-820c-494f-998f-55ddd1e74daa"
          ],
          "failures": [],
          "pending": [],
          "skipped": [],
          "duration": 59937,
          "root": false,
          "rootEmpty": false,
          "_timeout": 2000
        }
      ],
      "passes": [],
      "failures": [],
      "pending": [],
      "skipped": [],
      "duration": 0,
      "root": true,
      "rootEmpty": true,
      "_timeout": 2000
    }
  ],
  "meta": {
    "mocha": {
      "version": "7.2.0"
    },
    "mochawesome": {
      "options": {
        "quiet": false,
        "reportFilename": "report",
        "saveHtml": true,
        "saveJson": true,
        "consoleReporter": "spec",
        "useInlineDiffs": false,
        "code": true
      },
      "version": "7.1.3"
    },
    "marge": {
      "options": {
        "reportDir": "cypress/reports/beckett",
        "reportFilename": "report",
        "overwrite": false,
        "html": true,
        "json": true,
        "charts": true
      },
      "version": "6.2.0"
    }
  }
}