{
  "stats": {
    "suites": 1,
    "tests": 1,
    "passes": 1,
    "pending": 0,
    "failures": 0,
    "start": "2025-06-10T17:53:00.925Z",
    "end": "2025-06-10T17:54:17.096Z",
    "duration": 76171,
    "testsRegistered": 1,
    "passPercent": 100,
    "pendingPercent": 0,
    "other": 0,
    "hasOther": false,
    "skipped": 0,
    "hasSkipped": false
  },
  "results": [
    {
      "uuid": "5ca5ed07-4ff6-4920-ba44-16d76ee77266",
      "title": "",
      "fullFile": "cypress\\e2e\\beckett\\bca\\bcaSearch.cy.js",
      "file": "cypress\\e2e\\beckett\\bca\\bcaSearch.cy.js",
      "beforeHooks": [],
      "afterHooks": [],
      "tests": [],
      "suites": [
        {
          "uuid": "e641dadb-d71e-4ebc-bb77-7404a2c0d5ae",
          "title": "Beckett bca order  Test",
          "fullFile": "",
          "file": "",
          "beforeHooks": [],
          "afterHooks": [],
          "tests": [
            {
              "title": "BCA search",
              "fullTitle": "Beckett bca order  Test BCA search",
              "timedOut": null,
              "duration": 72354,
              "state": "passed",
              "speed": "slow",
              "pass": true,
              "fail": false,
              "pending": false,
              "context": null,
              "code": "cy.visit(\"https://www.beckett.com/bca\");\ncy.get('.container > .ServiceSlot > .serSec > .sendBtn > .currency_alert').click();\ncy.get('#loginEmail').type(email);\ncy.get('#loginPassword').type(password, {\n  log: false\n});\ncy.get('#btn_login').click();\n//login verification \ncy.url().should('include', '/bca/add');\n//creat a order \ncy.get('select[name=\"service_term\"]').select('2').should('have.value', '2');\ncy.wait(8000);\n// search 1871 Boston Red Stockings Wright Cabinets #NNO Harry Schafer\ncy.get('input[name=\"search_text\"]').should('be.visible').type('1871 Boston Red Stockings Wright Cabinets #NNO Harry Schafer');\ncy.wait(8000);\ncy.get('#search_submit').should('be.visible').click();\ncy.wait(8000);\ncy.get('li[title=\"1871 Boston Red Stockings Wright Cabinets #NNO Harry Schafer\"]').should('be.visible');\ncy.get('img[alt=\"Remove\"]').first().click();\n/// search 2009\ncy.get('input[name=\"search_text\"]').should('be.visible').type('2009');\ncy.wait(8000);\ncy.get('#search_submit').should('be.visible').click();\ncy.wait(8000);",
              "err": {},
              "uuid": "657b3c79-fa8c-4ff5-a0e2-08e97031821b",
              "parentUUID": "e641dadb-d71e-4ebc-bb77-7404a2c0d5ae",
              "isHook": false,
              "skipped": false
            }
          ],
          "suites": [],
          "passes": [
            "657b3c79-fa8c-4ff5-a0e2-08e97031821b"
          ],
          "failures": [],
          "pending": [],
          "skipped": [],
          "duration": 72354,
          "root": false,
          "rootEmpty": false,
          "_timeout": 2000
        }
      ],
      "passes": [],
      "failures": [],
      "pending": [],
      "skipped": [],
      "duration": 0,
      "root": true,
      "rootEmpty": true,
      "_timeout": 2000
    }
  ],
  "meta": {
    "mocha": {
      "version": "7.2.0"
    },
    "mochawesome": {
      "options": {
        "quiet": false,
        "reportFilename": "report",
        "saveHtml": true,
        "saveJson": true,
        "consoleReporter": "spec",
        "useInlineDiffs": false,
        "code": true
      },
      "version": "7.1.3"
    },
    "marge": {
      "options": {
        "reportDir": "cypress/reports/beckett",
        "reportFilename": "report",
        "overwrite": false,
        "html": true,
        "json": true,
        "charts": true
      },
      "version": "6.2.0"
    }
  }
}