{
  "stats": {
    "suites": 1,
    "tests": 2,
    "passes": 2,
    "pending": 0,
    "failures": 0,
    "start": "2025-06-10T17:51:08.927Z",
    "end": "2025-06-10T17:52:58.821Z",
    "duration": 109894,
    "testsRegistered": 2,
    "passPercent": 100,
    "pendingPercent": 0,
    "other": 0,
    "hasOther": false,
    "skipped": 0,
    "hasSkipped": false
  },
  "results": [
    {
      "uuid": "747beb32-6fe9-4bb6-9a0c-441cdde477c9",
      "title": "",
      "fullFile": "cypress\\e2e\\beckett\\bca\\bca.cy.js",
      "file": "cypress\\e2e\\beckett\\bca\\bca.cy.js",
      "beforeHooks": [],
      "afterHooks": [],
      "tests": [],
      "suites": [
        {
          "uuid": "07ea517d-68f3-4ca8-bb0b-824683f0f70a",
          "title": "Beckett bca order  Test",
          "fullFile": "",
          "file": "",
          "beforeHooks": [],
          "afterHooks": [],
          "tests": [
            {
              "title": "BCA search",
              "fullTitle": "Beckett bca order  Test BCA search",
              "timedOut": null,
              "duration": 71127,
              "state": "passed",
              "speed": "slow",
              "pass": true,
              "fail": false,
              "pending": false,
              "context": null,
              "code": "cy.visit(\"https://www.beckett.com/bca\");\ncy.get('.container > .ServiceSlot > .serSec > .sendBtn > .currency_alert').click();\ncy.get('#loginEmail').type(email);\ncy.get('#loginPassword').type(password, {\n  log: false\n});\ncy.get('#btn_login').click();\n//login verification \ncy.url().should('include', '/bca/add');\n//creat a order \ncy.get('select[name=\"service_term\"]').select('2').should('have.value', '2');\ncy.wait(8000);\n// search 1871 Boston Red Stockings Wright Cabinets #NNO Harry Schafer\ncy.get('input[name=\"search_text\"]').should('be.visible').type('1871 Boston Red Stockings Wright Cabinets #NNO Harry Schafer');\ncy.wait(8000);\ncy.get('#search_submit').should('be.visible').click();\ncy.wait(8000);\ncy.get('li[title=\"1871 Boston Red Stockings Wright Cabinets #NNO Harry Schafer\"]').should('be.visible');\ncy.get('img[alt=\"Remove\"]').first().click();\n/// search 2009\ncy.get('input[name=\"search_text\"]').should('be.visible').type('2009');\ncy.wait(8000);\ncy.get('#search_submit').should('be.visible').click();\ncy.wait(8000);",
              "err": {},
              "uuid": "deb1fe72-bd90-4e8b-a229-b9c8f6adb782",
              "parentUUID": "07ea517d-68f3-4ca8-bb0b-824683f0f70a",
              "isHook": false,
              "skipped": false
            },
            {
              "title": "BCA order place",
              "fullTitle": "Beckett bca order  Test BCA order place",
              "timedOut": null,
              "duration": 35161,
              "state": "passed",
              "speed": "slow",
              "pass": true,
              "fail": false,
              "pending": false,
              "context": null,
              "code": "cy.visit(\"https://www.beckett.com/bca\");\ncy.get('.container > .ServiceSlot > .serSec > .sendBtn > .currency_alert').click();\ncy.get('#loginEmail').type(email);\ncy.get('#loginPassword').type(password, {\n  log: false\n});\ncy.get('#btn_login').click();\n//login verification \ncy.url().should('include', '/bca/add');\n//creat a order \ncy.get('select[name=\"service_term\"]').select('2').should('have.value', '2');\ncy.wait(8000);\ncy.get('a.btn-blue').contains('Add Item').click();\ncy.get('.btn-blue-large > span').click();\ncy.get('#grade_type_raw').should('be.visible').should('not.be.checked');\ncy.get('#grade_type_graded').should('be.visible').should('not.be.checked').click();\ncy.get('select[name=\"grade_company\"]').should('be.visible').select('BGS Grade');\ncy.get('select[name=\"grade_card_condition\"]').should('be.visible');\ncy.get('input[name=\"card_serial_number_start\"]').should('be.visible').type('1234');\ncy.get('input[name=\"card_serial_number_end\"]').should('be.visible').type('12345');\ncy.get('input[name=\"serial_num\"]').should('be.visible').type('12345');\ncy.get('#custom_description').should('be.visible').type('it is test order');\ncy.get('button[class=\"btn-blue\"]').should('be.visible').click();\ncy.get('.btn-blue-large').should('be.visible').click();\n// payment page verification \ncy.get('#coupon_code').should('be.visible');\ncy.get('#gift_code').should('be.visible');\ncy.get('.btn-red').should('be.visible');\ncy.contains('Agree to Terms and Disclaimer').should('be.visible');\ncy.get('#terms').click();\ncy.get('#checkout_paypal').should('be.visible');\ncy.get('#checkout').should('be.visible').click();",
              "err": {},
              "uuid": "e97e366d-bc6f-498a-8782-4969662b79f1",
              "parentUUID": "07ea517d-68f3-4ca8-bb0b-824683f0f70a",
              "isHook": false,
              "skipped": false
            }
          ],
          "suites": [],
          "passes": [
            "deb1fe72-bd90-4e8b-a229-b9c8f6adb782",
            "e97e366d-bc6f-498a-8782-4969662b79f1"
          ],
          "failures": [],
          "pending": [],
          "skipped": [],
          "duration": 106288,
          "root": false,
          "rootEmpty": false,
          "_timeout": 2000
        }
      ],
      "passes": [],
      "failures": [],
      "pending": [],
      "skipped": [],
      "duration": 0,
      "root": true,
      "rootEmpty": true,
      "_timeout": 2000
    }
  ],
  "meta": {
    "mocha": {
      "version": "7.2.0"
    },
    "mochawesome": {
      "options": {
        "quiet": false,
        "reportFilename": "report",
        "saveHtml": true,
        "saveJson": true,
        "consoleReporter": "spec",
        "useInlineDiffs": false,
        "code": true
      },
      "version": "7.1.3"
    },
    "marge": {
      "options": {
        "reportDir": "cypress/reports/beckett",
        "reportFilename": "report",
        "overwrite": false,
        "html": true,
        "json": true,
        "charts": true
      },
      "version": "6.2.0"
    }
  }
}