{
  "stats": {
    "suites": 1,
    "tests": 1,
    "passes": 1,
    "pending": 0,
    "failures": 0,
    "start": "2025-06-10T17:44:28.924Z",
    "end": "2025-06-10T17:45:10.802Z",
    "duration": 41878,
    "testsRegistered": 1,
    "passPercent": 100,
    "pendingPercent": 0,
    "other": 0,
    "hasOther": false,
    "skipped": 0,
    "hasSkipped": false
  },
  "results": [
    {
      "uuid": "936fcf81-d06e-4343-810b-1a7e870843b3",
      "title": "",
      "fullFile": "cypress\\e2e\\beckett\\BMP\\bmpSearch.cy.js",
      "file": "cypress\\e2e\\beckett\\BMP\\bmpSearch.cy.js",
      "beforeHooks": [],
      "afterHooks": [],
      "tests": [],
      "suites": [
        {
          "uuid": "c47807a9-0c51-41a5-ac9c-cf356dbff491",
          "title": "BMP search test ",
          "fullFile": "",
          "file": "",
          "beforeHooks": [],
          "afterHooks": [],
          "tests": [
            {
              "title": "BMP Search withhhout login",
              "fullTitle": "BMP search test  BMP Search withhhout login",
              "timedOut": null,
              "duration": 37574,
              "state": "passed",
              "speed": "slow",
              "pass": true,
              "fail": false,
              "pending": false,
              "context": null,
              "code": "cy.visit('https://marketplace.beckett.com/');\ncy.viewport('macbook-16');\ncy.get('a[aria-label=\"Login\"]').should('be.visible');\ncy.get('input[type=\"radio\"]').should('be.checked');\ncy.get('#siteSearchQuery').should('be.visible').type('2009 topps');\ncy.get('#search_button_opg').should('be.visible').click();\ncy.contains('a', '2009 topps').should('be.visible');\ncy.contains('a', 'Item').should('be.visible').click();\ncy.get('input[name=from]').should('be.visible').type('1');\ncy.get('input[name=to').should('be.visible').type('50');\ncy.get('.apply_ranged_filter').should('be.visible').click();\ncy.contains('a', 'Price').should('be.visible');",
              "err": {},
              "uuid": "007336b6-9554-46ce-84bb-09ad3959815d",
              "parentUUID": "c47807a9-0c51-41a5-ac9c-cf356dbff491",
              "isHook": false,
              "skipped": false
            }
          ],
          "suites": [],
          "passes": [
            "007336b6-9554-46ce-84bb-09ad3959815d"
          ],
          "failures": [],
          "pending": [],
          "skipped": [],
          "duration": 37574,
          "root": false,
          "rootEmpty": false,
          "_timeout": 2000
        }
      ],
      "passes": [],
      "failures": [],
      "pending": [],
      "skipped": [],
      "duration": 0,
      "root": true,
      "rootEmpty": true,
      "_timeout": 2000
    }
  ],
  "meta": {
    "mocha": {
      "version": "7.2.0"
    },
    "mochawesome": {
      "options": {
        "quiet": false,
        "reportFilename": "report",
        "saveHtml": true,
        "saveJson": true,
        "consoleReporter": "spec",
        "useInlineDiffs": false,
        "code": true
      },
      "version": "7.1.3"
    },
    "marge": {
      "options": {
        "reportDir": "cypress/reports/beckett",
        "reportFilename": "report",
        "overwrite": false,
        "html": true,
        "json": true,
        "charts": true
      },
      "version": "6.2.0"
    }
  }
}