{
  "stats": {
    "suites": 1,
    "tests": 2,
    "passes": 1,
    "pending": 0,
    "failures": 1,
    "start": "2025-06-21T13:58:09.980Z",
    "end": "2025-06-21T13:58:47.216Z",
    "duration": 37236,
    "testsRegistered": 2,
    "passPercent": 50,
    "pendingPercent": 0,
    "other": 0,
    "hasOther": false,
    "skipped": 0,
    "hasSkipped": false
  },
  "results": [
    {
      "uuid": "67046c2f-a057-4107-8fbb-afd57f5f8e72",
      "title": "",
      "fullFile": "cypress\\e2e\\beckett\\opg\\opgSearch.cy.js",
      "file": "cypress\\e2e\\beckett\\opg\\opgSearch.cy.js",
      "beforeHooks": [],
      "afterHooks": [],
      "tests": [],
      "suites": [
        {
          "uuid": "17a0402f-f2a7-4dc2-a171-5da926334d8a",
          "title": "Beckett opg search",
          "fullFile": "",
          "file": "",
          "beforeHooks": [],
          "afterHooks": [],
          "tests": [
            {
              "title": "opg search without login ",
              "fullTitle": "Beckett opg search opg search without login ",
              "timedOut": null,
              "duration": 9984,
              "state": "passed",
              "speed": "medium",
              "pass": true,
              "fail": false,
              "pending": false,
              "context": null,
              "code": "cy.visit('https://www.beckett.com/opg');\ncy.get('a.btn.borOne', {\n  timeout: 10000\n}).should('be.visible');\ncy.get('#siteSearchQuery').should('be.visible').click();\ncy.url().should('include', '/online-price-guide');\ncy.get('#siteSearchQuery').should('be.visible').type('jordan');\ncy.contains('Please login to search the Beckett Online Price Guide. ').should('be.visible');",
              "err": {},
              "uuid": "3d9618ad-6d75-4d32-8b8f-b3e01d7fa6cd",
              "parentUUID": "17a0402f-f2a7-4dc2-a171-5da926334d8a",
              "isHook": false,
              "skipped": false
            },
            {
              "title": "opg search with login ",
              "fullTitle": "Beckett opg search opg search with login ",
              "timedOut": null,
              "duration": 23559,
              "state": "failed",
              "speed": null,
              "pass": false,
              "fail": true,
              "pending": false,
              "context": null,
              "code": "cy.visit('https://www.beckett.com/opg');\ncy.get('div[class=\"LogGridRight\"] a[aria-label=\"Login\"]').should('be.visible').click();\ncy.get('#loginEmail').type('devendras@beckett.com');\ncy.get('#loginPassword', {\n  timeout: 500\n}).type('Dksoni@2716');\ncy.get('#btn_login').click({\n  force: true\n});\ncy.wait(8000);\ncy.url().should('not.include', '/login');\ncy.url().should('include', '/online-price-guide');\ncy.get('#siteSearchQuery').should('be.visible').click();\ncy.get('#siteSearchQuery').should('be.visible').type('1986 Star Michael Jordan');\ncy.get('#search_button_opg').should('be.visible').click();\ncy.get('.bi.bi-filter').should('be.visible').click();\ncy.get('label[for=set_id1]').should('be.visible').click();",
              "err": {
                "message": "AssertionError: Timed out retrying after 5000ms: expected 'https://www.beckett.com/login' to not include '/login'",
                "estack": "AssertionError: Timed out retrying after 5000ms: expected 'https://www.beckett.com/login' to not include '/login'\n    at Context.eval (webpack://cypressautometion/./cypress/e2e/beckett/opg/opgSearch.cy.js:29:17)",
                "diff": null
              },
              "uuid": "2c54aded-0a33-42c3-bdc2-a209a53d8560",
              "parentUUID": "17a0402f-f2a7-4dc2-a171-5da926334d8a",
              "isHook": false,
              "skipped": false
            }
          ],
          "suites": [],
          "passes": [
            "3d9618ad-6d75-4d32-8b8f-b3e01d7fa6cd"
          ],
          "failures": [
            "2c54aded-0a33-42c3-bdc2-a209a53d8560"
          ],
          "pending": [],
          "skipped": [],
          "duration": 33543,
          "root": false,
          "rootEmpty": false,
          "_timeout": 2000
        }
      ],
      "passes": [],
      "failures": [],
      "pending": [],
      "skipped": [],
      "duration": 0,
      "root": true,
      "rootEmpty": true,
      "_timeout": 2000
    }
  ],
  "meta": {
    "mocha": {
      "version": "7.2.0"
    },
    "mochawesome": {
      "options": {
        "quiet": false,
        "reportFilename": "report",
        "saveHtml": true,
        "saveJson": true,
        "consoleReporter": "spec",
        "useInlineDiffs": false,
        "code": true
      },
      "version": "7.1.3"
    },
    "marge": {
      "options": {
        "reportDir": "cypress/reports/beckett",
        "reportFilename": "report",
        "overwrite": false,
        "html": true,
        "json": true,
        "charts": true
      },
      "version": "6.2.0"
    }
  }
}