{
  "stats": {
    "suites": 1,
    "tests": 1,
    "passes": 0,
    "pending": 0,
    "failures": 1,
    "start": "2025-06-10T17:49:34.944Z",
    "end": "2025-06-10T17:50:16.840Z",
    "duration": 41896,
    "testsRegistered": 1,
    "passPercent": 0,
    "pendingPercent": 0,
    "other": 0,
    "hasOther": false,
    "skipped": 0,
    "hasSkipped": false
  },
  "results": [
    {
      "uuid": "a4dcadcd-feb9-4191-9874-98ce70cd0aff",
      "title": "",
      "fullFile": "cypress\\e2e\\beckett\\login\\forgotpassword.cy.js",
      "file": "cypress\\e2e\\beckett\\login\\forgotpassword.cy.js",
      "beforeHooks": [],
      "afterHooks": [],
      "tests": [],
      "suites": [
        {
          "uuid": "52f44f24-2703-4e95-8790-ddf6eb257e4b",
          "title": "Forgot password test",
          "fullFile": "",
          "file": "",
          "beforeHooks": [],
          "afterHooks": [],
          "tests": [
            {
              "title": "forgot password test",
              "fullTitle": "Forgot password test forgot password test",
              "timedOut": null,
              "duration": 38646,
              "state": "failed",
              "speed": null,
              "pass": false,
              "fail": true,
              "pending": false,
              "context": null,
              "code": "cy.visit('https://www.beckett.com/');\ncy.get('.btn-outline-primary-new-color').should('be.visible').click();\ncy.get('#loginEmail').type(email);\ncy.get('#loginPassword').type(wpassword);\ncy.contains('a', 'Forgot Password').should('be.visible').click();\ncy.contains('h1', 'Forgot Password').should('be.visible');\ncy.get('#email').should('be.visible').type(email);\ncy.get('#g-recaptcha-1 > [style=\"width: 304px; height: 78px;\"] > div > iframe').should('be.visible').click();\ncy.get('.sentPassReset').should('be.visible').click();",
              "err": {
                "message": "CypressError: Timed out retrying after 5050ms: `cy.click()` failed because the page updated while this command was executing. Cypress tried to locate elements based on this query:\n\n> <a.Layout_lh30__t3Gt_.btn.btn-outline-primary-new-color>\n\nWe initially found matching element(s), but while waiting for them to become actionable, they disappeared from the page. Common situations why this happens:\n  - Your JS framework re-rendered asynchronously\n  - Your app code reacted to an event firing and removed the element\n\nYou can typically solve this by breaking up a chain. For example, rewrite:\n\n> `cy.get('button').click().click()`\n\nto\n\n> `cy.get('button').as('btn').click()`\n> `cy.get('@btn').click()`\n\nhttps://on.cypress.io/element-has-detached-from-dom",
                "estack": "CypressError: Timed out retrying after 5050ms: `cy.click()` failed because the page updated while this command was executing. Cypress tried to locate elements based on this query:\n\n> <a.Layout_lh30__t3Gt_.btn.btn-outline-primary-new-color>\n\nWe initially found matching element(s), but while waiting for them to become actionable, they disappeared from the page. Common situations why this happens:\n  - Your JS framework re-rendered asynchronously\n  - Your app code reacted to an event firing and removed the element\n\nYou can typically solve this by breaking up a chain. For example, rewrite:\n\n> `cy.get('button').click().click()`\n\nto\n\n> `cy.get('button').as('btn').click()`\n> `cy.get('@btn').click()`\n\nhttps://on.cypress.io/element-has-detached-from-dom\n    at retryActionability (https://www.beckett.com/__cypress/runner/cypress_runner.js:113473:74)\n    at tryCatcher (https://www.beckett.com/__cypress/runner/cypress_runner.js:1777:23)\n    at Promise.attempt.Promise.try (https://www.beckett.com/__cypress/runner/cypress_runner.js:4285:29)\n    at whenStable (https://www.beckett.com/__cypress/runner/cypress_runner.js:145828:68)\n    at <unknown> (https://www.beckett.com/__cypress/runner/cypress_runner.js:145769:14)\n    at tryCatcher (https://www.beckett.com/__cypress/runner/cypress_runner.js:1777:23)\n    at Promise._settlePromiseFromHandler (https://www.beckett.com/__cypress/runner/cypress_runner.js:1489:31)\n    at Promise._settlePromise (https://www.beckett.com/__cypress/runner/cypress_runner.js:1546:18)\n    at Promise._settlePromise0 (https://www.beckett.com/__cypress/runner/cypress_runner.js:1591:10)\n    at Promise._settlePromises (https://www.beckett.com/__cypress/runner/cypress_runner.js:1671:18)\n    at Promise._fulfill (https://www.beckett.com/__cypress/runner/cypress_runner.js:1615:18)\n    at <unknown> (https://www.beckett.com/__cypress/runner/cypress_runner.js:5420:46)",
                "diff": null
              },
              "uuid": "89c335fe-f220-41eb-8dd7-38d1c94fd80e",
              "parentUUID": "52f44f24-2703-4e95-8790-ddf6eb257e4b",
              "isHook": false,
              "skipped": false
            }
          ],
          "suites": [],
          "passes": [],
          "failures": [
            "89c335fe-f220-41eb-8dd7-38d1c94fd80e"
          ],
          "pending": [],
          "skipped": [],
          "duration": 38646,
          "root": false,
          "rootEmpty": false,
          "_timeout": 2000
        }
      ],
      "passes": [],
      "failures": [],
      "pending": [],
      "skipped": [],
      "duration": 0,
      "root": true,
      "rootEmpty": true,
      "_timeout": 2000
    }
  ],
  "meta": {
    "mocha": {
      "version": "7.2.0"
    },
    "mochawesome": {
      "options": {
        "quiet": false,
        "reportFilename": "report",
        "saveHtml": true,
        "saveJson": true,
        "consoleReporter": "spec",
        "useInlineDiffs": false,
        "code": true
      },
      "version": "7.1.3"
    },
    "marge": {
      "options": {
        "reportDir": "cypress/reports/beckett",
        "reportFilename": "report",
        "overwrite": false,
        "html": true,
        "json": true,
        "charts": true
      },
      "version": "6.2.0"
    }
  }
}