{
  "stats": {
    "suites": 1,
    "tests": 1,
    "passes": 0,
    "pending": 0,
    "failures": 1,
    "start": "2025-06-21T13:58:49.414Z",
    "end": "2025-06-21T14:00:12.113Z",
    "duration": 82699,
    "testsRegistered": 1,
    "passPercent": 0,
    "pendingPercent": 0,
    "other": 0,
    "hasOther": false,
    "skipped": 0,
    "hasSkipped": false
  },
  "results": [
    {
      "uuid": "85232ca1-864d-4749-8522-775392466233",
      "title": "",
      "fullFile": "cypress\\e2e\\beckett\\login\\Registration.cy.js",
      "file": "cypress\\e2e\\beckett\\login\\Registration.cy.js",
      "beforeHooks": [],
      "afterHooks": [],
      "tests": [],
      "suites": [
        {
          "uuid": "a8ee409e-8bd3-4e73-a117-f6938037006c",
          "title": "Beckett Registration + Activation via YOPmail Email Link",
          "fullFile": "",
          "file": "",
          "beforeHooks": [],
          "afterHooks": [],
          "tests": [
            {
              "title": "Registers and verifies Beckett account via YOPmail activation link",
              "fullTitle": "Beckett Registration + Activation via YOPmail Email Link Registers and verifies Beckett account via YOPmail activation link",
              "timedOut": null,
              "duration": 78794,
              "state": "failed",
              "speed": null,
              "pass": false,
              "fail": true,
              "pending": false,
              "context": null,
              "code": "// Step 1: Register on Beckett\ncy.visit('https://www.beckett.com/register');\ncy.get('#regemail').type(email, {\n  force: true\n});\ncy.wait(5000);\ncy.get('#regusername').type(prefix, {\n  force: true\n});\ncy.wait(5000);\ncy.get('#regpassword').type('Test@1234', {\n  force: true\n});\ncy.get(':nth-child(2) > .well > .no_margin').click({\n  force: true\n});\ncy.wait(30000); // Wait to manually solve reCAPTCHA\n// Accept terms\ncy.get('#submitregistration').click({\n  force: true\n});\ncy.wait(15000); // Give time for email to arrive\n// Step 2: Open YOPmail and extract activation link\ncy.origin('https://yopmail.com', {\n  args: {\n    prefix\n  }\n}, ({\n  prefix\n}) => {\n  cy.visit('/en/');\n  cy.get('#login').type(prefix);\n  cy.get('#refreshbut > .md > .material-icons-outlined').click();\n  // Click on Beckett email in inbox iframe\n  cy.get('iframe#ifinbox').then($iframe => {\n    const inboxBody = $iframe[0].contentDocument.body;\n    cy.wrap(inboxBody).contains('Beckett').click();\n  });\n  // Find activation link in email body iframe\n  cy.get('iframe#ifmail').then($iframe => {\n    const mailBody = $iframe[0].contentDocument.body;\n    // Grab activation URL and save in Cypress env\n    cy.wrap(mailBody).find('a').contains(/activate/i).then($link => {\n      const activationLink = $link.prop('href');\n      Cypress.env('activationLink', activationLink);\n    });\n  });\n});\n// Step 3: Open the activation link and confirm account activation\ncy.then(() => {\n  const activationLink = Cypress.env('activationLink');\n  cy.visit(activationLink);\n  cy.get('.vf-btn > .btn').click();\n  cy.contains('Logout').should('exist');\n});",
              "err": {
                "message": "AssertionError: Timed out retrying after 5000ms: Expected to find content: 'Beckett' but never did.",
                "estack": "AssertionError: Timed out retrying after 5000ms: Expected to find content: 'Beckett' but never did.\n    at Context.eval (webpack://cypressautometion/./cypress/e2e/beckett/login/Registration.cy.js:23:7)",
                "diff": null
              },
              "uuid": "0cee333c-c063-4c29-81a0-b41310d1bdf2",
              "parentUUID": "a8ee409e-8bd3-4e73-a117-f6938037006c",
              "isHook": false,
              "skipped": false
            }
          ],
          "suites": [],
          "passes": [],
          "failures": [
            "0cee333c-c063-4c29-81a0-b41310d1bdf2"
          ],
          "pending": [],
          "skipped": [],
          "duration": 78794,
          "root": false,
          "rootEmpty": false,
          "_timeout": 2000
        }
      ],
      "passes": [],
      "failures": [],
      "pending": [],
      "skipped": [],
      "duration": 0,
      "root": true,
      "rootEmpty": true,
      "_timeout": 2000
    }
  ],
  "meta": {
    "mocha": {
      "version": "7.2.0"
    },
    "mochawesome": {
      "options": {
        "quiet": false,
        "reportFilename": "report",
        "saveHtml": true,
        "saveJson": true,
        "consoleReporter": "spec",
        "useInlineDiffs": false,
        "code": true
      },
      "version": "7.1.3"
    },
    "marge": {
      "options": {
        "reportDir": "cypress/reports/beckett",
        "reportFilename": "report",
        "overwrite": false,
        "html": true,
        "json": true,
        "charts": true
      },
      "version": "6.2.0"
    }
  }
}