{
  "stats": {
    "suites": 1,
    "tests": 2,
    "passes": 2,
    "pending": 0,
    "failures": 0,
    "start": "2025-06-10T17:45:13.363Z",
    "end": "2025-06-10T17:46:59.585Z",
    "duration": 106222,
    "testsRegistered": 2,
    "passPercent": 100,
    "pendingPercent": 0,
    "other": 0,
    "hasOther": false,
    "skipped": 0,
    "hasSkipped": false
  },
  "results": [
    {
      "uuid": "0b9b1bc8-0a90-4aa0-8c7c-0cf523881c80",
      "title": "",
      "fullFile": "cypress\\e2e\\beckett\\opg\\opgPage.cy.js",
      "file": "cypress\\e2e\\beckett\\opg\\opgPage.cy.js",
      "beforeHooks": [],
      "afterHooks": [],
      "tests": [],
      "suites": [
        {
          "uuid": "151b5451-2dc7-4cfb-b234-3f374c89c187",
          "title": "Beckett opg Test",
          "fullFile": "",
          "file": "",
          "beforeHooks": [],
          "afterHooks": [],
          "tests": [
            {
              "title": "opg guest checkout test",
              "fullTitle": "Beckett opg Test opg guest checkout test",
              "timedOut": null,
              "duration": 48280,
              "state": "passed",
              "speed": "slow",
              "pass": true,
              "fail": false,
              "pending": false,
              "context": null,
              "code": "cy.visit('https://www.beckett.com/opg');\ncy.get('a[rel=\"Total Access Online Price Guide\"]').should('be.visible').click();\ncy.get('#menu1 > div.row > div > div.table-box > div > table > tbody > tr:nth-child(5)').should('be.visible').click();\ncy.get('#subscribe_total_now').should('be.visible').click();\ncy.get('#onetrust-accept-btn-handler').click();\ncy.get('#loginEmail').should('be.visible').type(email);\ncy.get('#guest_account').should('be.checked');\ncy.get('#send-valid-guest-login-otp').should('be.visible').click();\ncy.wait(8000);\ncy.get('#validgusetloginOTP').should('be.visible').click();\ncy.get('#login_submit').should('be.visible').click();",
              "err": {},
              "uuid": "745f577c-3c6a-4b31-be28-7616d0762a8b",
              "parentUUID": "151b5451-2dc7-4cfb-b234-3f374c89c187",
              "isHook": false,
              "skipped": false
            },
            {
              "title": "opg  checkout using login  test",
              "fullTitle": "Beckett opg Test opg  checkout using login  test",
              "timedOut": null,
              "duration": 53248,
              "state": "passed",
              "speed": "slow",
              "pass": true,
              "fail": false,
              "pending": false,
              "context": null,
              "code": "cy.visit('https://www.beckett.com/opg');\ncy.get('a[rel=\"Total Access Online Price Guide\"]').should('be.visible').click();\ncy.get('#menu1 > div.row > div > div.table-box > div > table > tbody > tr:nth-child(5)').should('be.visible').click();\ncy.get('#subscribe_total_now').should('be.visible').click();\ncy.get('#onetrust-accept-btn-handler').click();\ncy.get('#loginEmail').should('be.visible').type(email1);\ncy.get('#beckett_account').check({\n  force: true\n});\ncy.get('#loginPassword').should('be.visible').type(password);\ncy.get('#login_submit').should('be.visible').click();\ncy.wait(5000);\ncy.get('#cart_panel_head > .panel-title > .clickdisable').should('be.visible');\ncy.get('div.BtnConTopAbs > a').should('be.visible').click();",
              "err": {},
              "uuid": "f3cd44c1-c283-423c-b786-c29630f65b4d",
              "parentUUID": "151b5451-2dc7-4cfb-b234-3f374c89c187",
              "isHook": false,
              "skipped": false
            }
          ],
          "suites": [],
          "passes": [
            "745f577c-3c6a-4b31-be28-7616d0762a8b",
            "f3cd44c1-c283-423c-b786-c29630f65b4d"
          ],
          "failures": [],
          "pending": [],
          "skipped": [],
          "duration": 101528,
          "root": false,
          "rootEmpty": false,
          "_timeout": 2000
        }
      ],
      "passes": [],
      "failures": [],
      "pending": [],
      "skipped": [],
      "duration": 0,
      "root": true,
      "rootEmpty": true,
      "_timeout": 2000
    }
  ],
  "meta": {
    "mocha": {
      "version": "7.2.0"
    },
    "mochawesome": {
      "options": {
        "quiet": false,
        "reportFilename": "report",
        "saveHtml": true,
        "saveJson": true,
        "consoleReporter": "spec",
        "useInlineDiffs": false,
        "code": true
      },
      "version": "7.1.3"
    },
    "marge": {
      "options": {
        "reportDir": "cypress/reports/beckett",
        "reportFilename": "report",
        "overwrite": false,
        "html": true,
        "json": true,
        "charts": true
      },
      "version": "6.2.0"
    }
  }
}